Collecting torch
  Using cached torch-1.10.1-cp36-cp36m-manylinux1_x86_64.whl (881.9 MB)
Collecting torchvision
  Using cached torchvision-0.11.2-cp36-cp36m-manylinux1_x86_64.whl (23.3 MB)
Collecting torchaudio
  Using cached torchaudio-0.10.1-cp36-cp36m-manylinux1_x86_64.whl (2.9 MB)
Collecting tensorboard
  Using cached tensorboard-2.7.0-py3-none-any.whl (5.8 MB)
Collecting dataclasses
  Using cached dataclasses-0.8-py3-none-any.whl (19 kB)
Collecting typing-extensions
  Using cached typing_extensions-4.0.1-py3-none-any.whl (22 kB)
Requirement already satisfied: pillow!=8.3.0,>=5.3.0 in ./env/lib/python3.6/site-packages (from torchvision) (8.4.0)
Requirement already satisfied: numpy in ./env/lib/python3.6/site-packages (from torchvision) (1.19.5)
Collecting absl-py>=0.4
  Using cached absl_py-1.0.0-py3-none-any.whl (126 kB)
Collecting werkzeug>=0.11.15
  Using cached Werkzeug-2.0.2-py3-none-any.whl (288 kB)
Collecting google-auth-oauthlib<0.5,>=0.4.1
  Using cached google_auth_oauthlib-0.4.6-py2.py3-none-any.whl (18 kB)
Collecting markdown>=2.6.8
  Using cached Markdown-3.3.6-py3-none-any.whl (97 kB)
Collecting grpcio>=1.24.3
  Using cached grpcio-1.43.0-cp36-cp36m-manylinux_2_17_x86_64.manylinux2014_x86_64.whl (4.1 MB)
Collecting protobuf>=3.6.0
  Using cached protobuf-3.19.3-cp36-cp36m-manylinux_2_17_x86_64.manylinux2014_x86_64.whl (1.1 MB)
Collecting google-auth<3,>=1.6.3
  Using cached google_auth-2.3.3-py2.py3-none-any.whl (155 kB)
Collecting setuptools>=41.0.0
  Using cached setuptools-59.6.0-py3-none-any.whl (952 kB)
Collecting requests<3,>=2.21.0
  Using cached requests-2.27.1-py2.py3-none-any.whl (63 kB)
Collecting tensorboard-plugin-wit>=1.6.0
  Using cached tensorboard_plugin_wit-1.8.1-py3-none-any.whl (781 kB)
Collecting wheel>=0.26
  Using cached wheel-0.37.1-py2.py3-none-any.whl (35 kB)
Collecting tensorboard-data-server<0.7.0,>=0.6.0
  Using cached tensorboard_data_server-0.6.1-py3-none-manylinux2010_x86_64.whl (4.9 MB)
Requirement already satisfied: six in ./env/lib/python3.6/site-packages (from absl-py>=0.4->tensorboard) (1.16.0)
Collecting cachetools<5.0,>=2.0.0
  Using cached cachetools-4.2.4-py3-none-any.whl (10 kB)
Collecting rsa<5,>=3.1.4
  Using cached rsa-4.8-py3-none-any.whl (39 kB)
Collecting pyasn1-modules>=0.2.1
  Using cached pyasn1_modules-0.2.8-py2.py3-none-any.whl (155 kB)
Collecting requests-oauthlib>=0.7.0
  Using cached requests_oauthlib-1.3.0-py2.py3-none-any.whl (23 kB)
Collecting importlib-metadata>=4.4
  Using cached importlib_metadata-4.8.3-py3-none-any.whl (17 kB)
Collecting urllib3<1.27,>=1.21.1
  Using cached urllib3-1.26.8-py2.py3-none-any.whl (138 kB)
Collecting idna<4,>=2.5
  Using cached idna-3.3-py3-none-any.whl (61 kB)
Collecting certifi>=2017.4.17
  Using cached certifi-2021.10.8-py2.py3-none-any.whl (149 kB)
Collecting charset-normalizer~=2.0.0
  Using cached charset_normalizer-2.0.10-py3-none-any.whl (39 kB)
Collecting zipp>=0.5
  Using cached zipp-3.6.0-py3-none-any.whl (5.3 kB)
Collecting pyasn1<0.5.0,>=0.4.6
  Using cached pyasn1-0.4.8-py2.py3-none-any.whl (77 kB)
Collecting oauthlib>=3.0.0
  Using cached oauthlib-3.1.1-py2.py3-none-any.whl (146 kB)
Installing collected packages: urllib3, pyasn1, idna, charset-normalizer, certifi, zipp, typing-extensions, setuptools, rsa, requests, pyasn1-modules, oauthlib, cachetools, requests-oauthlib, importlib-metadata, google-auth, dataclasses, wheel, werkzeug, torch, tensorboard-plugin-wit, tensorboard-data-server, protobuf, markdown, grpcio, google-auth-oauthlib, absl-py, torchvision, torchaudio, tensorboard
  Attempting uninstall: setuptools
    Found existing installation: setuptools 39.2.0
    Uninstalling setuptools-39.2.0:
      Successfully uninstalled setuptools-39.2.0
Successfully installed absl-py-1.0.0 cachetools-4.2.4 certifi-2021.10.8 charset-normalizer-2.0.10 dataclasses-0.8 google-auth-2.3.3 google-auth-oauthlib-0.4.6 grpcio-1.43.0 idna-3.3 importlib-metadata-4.8.3 markdown-3.3.6 oauthlib-3.1.1 protobuf-3.19.3 pyasn1-0.4.8 pyasn1-modules-0.2.8 requests-2.27.1 requests-oauthlib-1.3.0 rsa-4.8 setuptools-59.6.0 tensorboard-2.7.0 tensorboard-data-server-0.6.1 tensorboard-plugin-wit-1.8.1 torch-1.10.1 torchaudio-0.10.1 torchvision-0.11.2 typing-extensions-4.0.1 urllib3-1.26.8 werkzeug-2.0.2 wheel-0.37.1 zipp-3.6.0
